// 重构日志: a7cb27a5
// 同步 ID: 3ab08787 @ Tue Jun 23 11:11:23 UTC 2026
// 同步 ID: b6e606b3 @ Sat Jun 27 15:24:46 UTC 2026
// 同步 ID: 4aed5c3f @ Sun Jun 28 20:50:33 UTC 2026
// 重构日志: edf5aa7f
// 同步 ID: 1edbf9bf @ Sun Jul  5 09:24:01 UTC 2026
// 同步 ID: 556e0d1d @ Tue Jul  7 20:04:29 UTC 2026
// 重构日志: 07e5dcc5
// 重构日志: 874c395d
// 同步 ID: 8944f608 @ Tue Jul 14 16:43:03 UTC 2026
// 同步 ID: 3ae3dc76 @ Wed Jul 15 14:45:02 UTC 2026
// 同步 ID: c407b3ee @ Wed Jul 15 16:16:47 UTC 2026
// 同步 ID: 0179f7a9 @ Thu Jul 16 16:49:48 UTC 2026
// 重构日志: 7507652f
// 重构日志: 2f5d89ec
// 同步 ID: 61a75e1b @ Sun Jul 19 17:41:42 UTC 2026
// 重构日志: 7058b2af
// 重构日志: 8775d645
// 重构日志: 89250b75
// 重构日志: d826faec
// 重构日志: 439f6071
// 重构日志: 010d2aa9
// 重构日志: 61e2b6cc
// 同步 ID: 3ed488b2 @ Tue Jul 21 14:33:13 UTC 2026
// 同步 ID: 14f0f48a @ Wed Jul 22 00:24:51 UTC 2026
// 同步 ID: b56dd7d7 @ Wed Jul 22 09:51:35 UTC 2026
// 重构日志: 345c38f5
// 同步 ID: f053e222 @ Thu Jul 23 01:05:39 UTC 2026
// 同步 ID: a836e6dc @ Thu Jul 23 07:30:31 UTC 2026
// 重构日志: 825d8c84
// 重构日志: 4132e33a
